<?xml version="1.0" encoding="UTF-8"?>
<!-- Generated by org.testng.reporters.JUnitReportReporter -->
<testsuite hostname="LAPTOP-BPLU8S0P" failures="0" tests="3" name="com.crm.qa.testcases.LoginPageTest" time="40.419" errors="0" timestamp="2021-03-29T11:09:48 CAT" skipped="0">
  <testcase classname="com.crm.qa.testcases.LoginPageTest" name="loginTest" time="20.405"/>
  <system-out/>
  <testcase classname="com.crm.qa.testcases.LoginPageTest" name="logoTest" time="9.937"/>
  <system-out/>
  <testcase classname="com.crm.qa.testcases.LoginPageTest" name="loginPageTitleTest" time="10.077"/>
  <system-out/>
</testsuite> <!-- com.crm.qa.testcases.LoginPageTest -->
