<?xml version="1.0" encoding="UTF-8"?>
<!-- Generated by org.testng.reporters.JUnitReportReporter -->
<testsuite hostname="LAPTOP-BPLU8S0P" failures="0" tests="1" name="com.crm.qa.testcases.CompaniesPageTest" time="24.495" errors="0" timestamp="2021-03-23T23:36:29 CAT" skipped="0">
  <testcase classname="com.crm.qa.testcases.CompaniesPageTest" name="verifyComapaniespageLabelTest" time="24.495"/>
  <system-out/>
</testsuite> <!-- com.crm.qa.testcases.CompaniesPageTest -->
