<?xml version="1.0" encoding="UTF-8"?>
<!-- Generated by org.testng.reporters.JUnitReportReporter -->
<testsuite hostname="LAPTOP-BPLU8S0P" failures="0" tests="3" name="com.crm.qa.testcases.ContactsPageTest" time="44.201" errors="0" timestamp="2021-03-27T12:16:09 CAT" skipped="1">
  <testcase classname="com.crm.qa.testcases.ContactsPageTest" name="verifyContactsPageLableTest" time="21.213"/>
  <system-out/>
  <testcase classname="com.crm.qa.testcases.ContactsPageTest" name="selectContactsTest" time="22.988"/>
  <system-out/>
  <testcase classname="com.crm.qa.testcases.ContactsPageTest" name="createNewContactTest">
    <skipped/>
  </testcase> <!-- createNewContactTest -->
  <system-out/>
</testsuite> <!-- com.crm.qa.testcases.ContactsPageTest -->
