<?xml version="1.0" encoding="UTF-8"?>
<!-- Generated by org.testng.reporters.JUnitReportReporter -->
<testsuite hostname="LAPTOP-BPLU8S0P" failures="0" tests="6" name="com.crm.qa.testcases.HomePageTest" time="129.517" errors="0" timestamp="2021-03-29T11:09:48 CAT" skipped="0">
  <testcase classname="com.crm.qa.testcases.HomePageTest" name="verifyHomePageTitleTest" time="26.421"/>
  <system-out/>
  <testcase classname="com.crm.qa.testcases.HomePageTest" name="verifyUserNameLabelTest" time="16.194"/>
  <system-out/>
  <testcase classname="com.crm.qa.testcases.HomePageTest" name="verifyCompaniesPagelinkTest" time="20.174"/>
  <system-out/>
  <testcase classname="com.crm.qa.testcases.HomePageTest" name="verifyContactsPagelinkTest" time="21.377"/>
  <system-out/>
  <testcase classname="com.crm.qa.testcases.HomePageTest" name="verifyDealsPageLinkTest" time="22.373"/>
  <system-out/>
  <testcase classname="com.crm.qa.testcases.HomePageTest" name="verifyTasksPageLinkTest" time="22.978"/>
  <system-out/>
</testsuite> <!-- com.crm.qa.testcases.HomePageTest -->
