<?xml version="1.0" encoding="UTF-8"?>
<!-- Generated by org.testng.reporters.JUnitReportReporter -->
<testsuite hostname="LAPTOP-BPLU8S0P" failures="0" tests="1" name="com.crm.qa.testcases.CompaniesPageTest" time="20.147" errors="0" timestamp="2021-03-29T11:09:48 CAT" skipped="0">
  <testcase classname="com.crm.qa.testcases.CompaniesPageTest" name="verifyComapaniespageLabelTest" time="20.147"/>
  <system-out/>
</testsuite> <!-- com.crm.qa.testcases.CompaniesPageTest -->
