<?xml version="1.0" encoding="UTF-8"?>
<!-- Generated by org.testng.reporters.JUnitReportReporter -->
<testsuite hostname="LAPTOP-BPLU8S0P" failures="0" tests="3" name="com.crm.qa.testcases.LoginPageTest" time="36.625" errors="0" timestamp="2021-03-23T23:36:29 CAT" skipped="0">
  <testcase classname="com.crm.qa.testcases.LoginPageTest" name="loginTest" time="17.449"/>
  <system-out/>
  <testcase classname="com.crm.qa.testcases.LoginPageTest" name="logoTest" time="8.901"/>
  <system-out/>
  <testcase classname="com.crm.qa.testcases.LoginPageTest" name="loginPageTitleTest" time="10.275"/>
  <system-out/>
</testsuite> <!-- com.crm.qa.testcases.LoginPageTest -->
