<?xml version="1.0" encoding="UTF-8"?>
<!-- Generated by org.testng.reporters.JUnitReportReporter -->
<testsuite hostname="LAPTOP-BPLU8S0P" failures="0" tests="3" name="com.crm.qa.testcases.ContactsPageTest" time="51.082" errors="0" timestamp="2021-03-29T11:09:48 CAT" skipped="1">
  <testcase classname="com.crm.qa.testcases.ContactsPageTest" name="verifyContactsPageLableTest" time="24.726"/>
  <system-out/>
  <testcase classname="com.crm.qa.testcases.ContactsPageTest" name="selectContactsTest" time="26.356"/>
  <system-out/>
  <testcase classname="com.crm.qa.testcases.ContactsPageTest" name="createNewContactTest">
    <skipped/>
  </testcase> <!-- createNewContactTest -->
  <system-out/>
</testsuite> <!-- com.crm.qa.testcases.ContactsPageTest -->
